[0.427s] Invoking command in '/home/aeel/mavros_bridge_ws/src/mavros_bridge_listener': PYTHONPATH=/home/aeel/mavros_bridge_ws/build/mavros_bridge_listener/prefix_override:/usr/lib/python3/dist-packages/colcon_core/task/python/colcon_distutils_commands:/home/aeel/mavros_bridge_ws/install/mavros_bridge_listener/lib/python3.8/site-packages:${PYTHONPATH} /usr/bin/python3 -W ignore:setup.py install is deprecated -W ignore:easy_install command is deprecated setup.py egg_info --egg-base ../../build/mavros_bridge_listener build --build-base /home/aeel/mavros_bridge_ws/build/mavros_bridge_listener/build install --record /home/aeel/mavros_bridge_ws/build/mavros_bridge_listener/install.log --install-scripts $base/lib/mavros_bridge_listener --single-version-externally-managed install_data
[0.563s] running egg_info
[0.563s] creating ../../build/mavros_bridge_listener/mavros_bridge_listener.egg-info
[0.563s] writing ../../build/mavros_bridge_listener/mavros_bridge_listener.egg-info/PKG-INFO
[0.563s] writing dependency_links to ../../build/mavros_bridge_listener/mavros_bridge_listener.egg-info/dependency_links.txt
[0.563s] writing entry points to ../../build/mavros_bridge_listener/mavros_bridge_listener.egg-info/entry_points.txt
[0.563s] writing requirements to ../../build/mavros_bridge_listener/mavros_bridge_listener.egg-info/requires.txt
[0.563s] writing top-level names to ../../build/mavros_bridge_listener/mavros_bridge_listener.egg-info/top_level.txt
[0.564s] writing manifest file '../../build/mavros_bridge_listener/mavros_bridge_listener.egg-info/SOURCES.txt'
[0.581s] reading manifest file '../../build/mavros_bridge_listener/mavros_bridge_listener.egg-info/SOURCES.txt'
[0.581s] writing manifest file '../../build/mavros_bridge_listener/mavros_bridge_listener.egg-info/SOURCES.txt'
[0.582s] running build
[0.582s] running build_py
[0.582s] creating /home/aeel/mavros_bridge_ws/build/mavros_bridge_listener/build
[0.582s] creating /home/aeel/mavros_bridge_ws/build/mavros_bridge_listener/build/lib
[0.582s] creating /home/aeel/mavros_bridge_ws/build/mavros_bridge_listener/build/lib/mavros_bridge_listener
[0.582s] copying mavros_bridge_listener/mavros_subscriber.py -> /home/aeel/mavros_bridge_ws/build/mavros_bridge_listener/build/lib/mavros_bridge_listener
[0.582s] copying mavros_bridge_listener/__init__.py -> /home/aeel/mavros_bridge_ws/build/mavros_bridge_listener/build/lib/mavros_bridge_listener
[0.582s] running install
[0.582s] running install_lib
[0.583s] creating /home/aeel/mavros_bridge_ws/install/mavros_bridge_listener/lib/python3.8/site-packages/mavros_bridge_listener
[0.583s] copying /home/aeel/mavros_bridge_ws/build/mavros_bridge_listener/build/lib/mavros_bridge_listener/mavros_subscriber.py -> /home/aeel/mavros_bridge_ws/install/mavros_bridge_listener/lib/python3.8/site-packages/mavros_bridge_listener
[0.583s] copying /home/aeel/mavros_bridge_ws/build/mavros_bridge_listener/build/lib/mavros_bridge_listener/__init__.py -> /home/aeel/mavros_bridge_ws/install/mavros_bridge_listener/lib/python3.8/site-packages/mavros_bridge_listener
[0.583s] byte-compiling /home/aeel/mavros_bridge_ws/install/mavros_bridge_listener/lib/python3.8/site-packages/mavros_bridge_listener/mavros_subscriber.py to mavros_subscriber.cpython-38.pyc
[0.584s] byte-compiling /home/aeel/mavros_bridge_ws/install/mavros_bridge_listener/lib/python3.8/site-packages/mavros_bridge_listener/__init__.py to __init__.cpython-38.pyc
[0.584s] running install_data
[0.584s] copying package.xml -> /home/aeel/mavros_bridge_ws/install/mavros_bridge_listener/share/mavros_bridge_listener
[0.584s] running install_egg_info
[0.585s] Copying ../../build/mavros_bridge_listener/mavros_bridge_listener.egg-info to /home/aeel/mavros_bridge_ws/install/mavros_bridge_listener/lib/python3.8/site-packages/mavros_bridge_listener-0.0.0-py3.8.egg-info
[0.585s] running install_scripts
[0.595s] Installing mavros_subscriber script to /home/aeel/mavros_bridge_ws/install/mavros_bridge_listener/lib/mavros_bridge_listener
[0.595s] writing list of installed files to '/home/aeel/mavros_bridge_ws/build/mavros_bridge_listener/install.log'
[0.607s] Invoked command in '/home/aeel/mavros_bridge_ws/src/mavros_bridge_listener' returned '0': PYTHONPATH=/home/aeel/mavros_bridge_ws/build/mavros_bridge_listener/prefix_override:/usr/lib/python3/dist-packages/colcon_core/task/python/colcon_distutils_commands:/home/aeel/mavros_bridge_ws/install/mavros_bridge_listener/lib/python3.8/site-packages:${PYTHONPATH} /usr/bin/python3 -W ignore:setup.py install is deprecated -W ignore:easy_install command is deprecated setup.py egg_info --egg-base ../../build/mavros_bridge_listener build --build-base /home/aeel/mavros_bridge_ws/build/mavros_bridge_listener/build install --record /home/aeel/mavros_bridge_ws/build/mavros_bridge_listener/install.log --install-scripts $base/lib/mavros_bridge_listener --single-version-externally-managed install_data
