running egg_info
writing ../../build/mavros_bridge_listener/mavros_bridge_listener.egg-info/PKG-INFO
writing dependency_links to ../../build/mavros_bridge_listener/mavros_bridge_listener.egg-info/dependency_links.txt
writing entry points to ../../build/mavros_bridge_listener/mavros_bridge_listener.egg-info/entry_points.txt
writing requirements to ../../build/mavros_bridge_listener/mavros_bridge_listener.egg-info/requires.txt
writing top-level names to ../../build/mavros_bridge_listener/mavros_bridge_listener.egg-info/top_level.txt
reading manifest file '../../build/mavros_bridge_listener/mavros_bridge_listener.egg-info/SOURCES.txt'
writing manifest file '../../build/mavros_bridge_listener/mavros_bridge_listener.egg-info/SOURCES.txt'
running build
running build_py
copying mavros_bridge_listener/mavros_subscriber.py -> /home/aeel/mavros_bridge_ws/build/mavros_bridge_listener/build/lib/mavros_bridge_listener
running install
running install_lib
copying /home/aeel/mavros_bridge_ws/build/mavros_bridge_listener/build/lib/mavros_bridge_listener/mavros_subscriber.py -> /home/aeel/mavros_bridge_ws/install/mavros_bridge_listener/lib/python3.8/site-packages/mavros_bridge_listener
byte-compiling /home/aeel/mavros_bridge_ws/install/mavros_bridge_listener/lib/python3.8/site-packages/mavros_bridge_listener/mavros_subscriber.py to mavros_subscriber.cpython-38.pyc
running install_data
running install_egg_info
removing '/home/aeel/mavros_bridge_ws/install/mavros_bridge_listener/lib/python3.8/site-packages/mavros_bridge_listener-0.0.0-py3.8.egg-info' (and everything under it)
Copying ../../build/mavros_bridge_listener/mavros_bridge_listener.egg-info to /home/aeel/mavros_bridge_ws/install/mavros_bridge_listener/lib/python3.8/site-packages/mavros_bridge_listener-0.0.0-py3.8.egg-info
running install_scripts
Installing mavros_subscriber script to /home/aeel/mavros_bridge_ws/install/mavros_bridge_listener/lib/mavros_bridge_listener
writing list of installed files to '/home/aeel/mavros_bridge_ws/build/mavros_bridge_listener/install.log'
