[0.473s] Invoking command in '/home/aeel/mavros_bridge_ws/src/mavros_bridge_listener': PYTHONPATH=/home/aeel/mavros_bridge_ws/build/mavros_bridge_listener/prefix_override:/usr/lib/python3/dist-packages/colcon_core/task/python/colcon_distutils_commands:/home/aeel/mavros_bridge_ws/install/mavros_bridge_listener/lib/python3.8/site-packages:${PYTHONPATH} /usr/bin/python3 -W ignore:setup.py install is deprecated -W ignore:easy_install command is deprecated setup.py egg_info --egg-base ../../build/mavros_bridge_listener build --build-base /home/aeel/mavros_bridge_ws/build/mavros_bridge_listener/build install --record /home/aeel/mavros_bridge_ws/build/mavros_bridge_listener/install.log --install-scripts $base/lib/mavros_bridge_listener --single-version-externally-managed install_data
[0.624s] running egg_info
[0.624s] writing ../../build/mavros_bridge_listener/mavros_bridge_listener.egg-info/PKG-INFO
[0.624s] writing dependency_links to ../../build/mavros_bridge_listener/mavros_bridge_listener.egg-info/dependency_links.txt
[0.624s] writing entry points to ../../build/mavros_bridge_listener/mavros_bridge_listener.egg-info/entry_points.txt
[0.624s] writing requirements to ../../build/mavros_bridge_listener/mavros_bridge_listener.egg-info/requires.txt
[0.625s] writing top-level names to ../../build/mavros_bridge_listener/mavros_bridge_listener.egg-info/top_level.txt
[0.643s] reading manifest file '../../build/mavros_bridge_listener/mavros_bridge_listener.egg-info/SOURCES.txt'
[0.643s] writing manifest file '../../build/mavros_bridge_listener/mavros_bridge_listener.egg-info/SOURCES.txt'
[0.643s] running build
[0.643s] running build_py
[0.643s] copying mavros_bridge_listener/mavros_subscriber.py -> /home/aeel/mavros_bridge_ws/build/mavros_bridge_listener/build/lib/mavros_bridge_listener
[0.644s] running install
[0.644s] running install_lib
[0.645s] copying /home/aeel/mavros_bridge_ws/build/mavros_bridge_listener/build/lib/mavros_bridge_listener/mavros_subscriber.py -> /home/aeel/mavros_bridge_ws/install/mavros_bridge_listener/lib/python3.8/site-packages/mavros_bridge_listener
[0.645s] byte-compiling /home/aeel/mavros_bridge_ws/install/mavros_bridge_listener/lib/python3.8/site-packages/mavros_bridge_listener/mavros_subscriber.py to mavros_subscriber.cpython-38.pyc
[0.646s] running install_data
[0.646s] running install_egg_info
[0.647s] removing '/home/aeel/mavros_bridge_ws/install/mavros_bridge_listener/lib/python3.8/site-packages/mavros_bridge_listener-0.0.0-py3.8.egg-info' (and everything under it)
[0.647s] Copying ../../build/mavros_bridge_listener/mavros_bridge_listener.egg-info to /home/aeel/mavros_bridge_ws/install/mavros_bridge_listener/lib/python3.8/site-packages/mavros_bridge_listener-0.0.0-py3.8.egg-info
[0.647s] running install_scripts
[0.657s] Installing mavros_subscriber script to /home/aeel/mavros_bridge_ws/install/mavros_bridge_listener/lib/mavros_bridge_listener
[0.657s] writing list of installed files to '/home/aeel/mavros_bridge_ws/build/mavros_bridge_listener/install.log'
[0.674s] Invoked command in '/home/aeel/mavros_bridge_ws/src/mavros_bridge_listener' returned '0': PYTHONPATH=/home/aeel/mavros_bridge_ws/build/mavros_bridge_listener/prefix_override:/usr/lib/python3/dist-packages/colcon_core/task/python/colcon_distutils_commands:/home/aeel/mavros_bridge_ws/install/mavros_bridge_listener/lib/python3.8/site-packages:${PYTHONPATH} /usr/bin/python3 -W ignore:setup.py install is deprecated -W ignore:easy_install command is deprecated setup.py egg_info --egg-base ../../build/mavros_bridge_listener build --build-base /home/aeel/mavros_bridge_ws/build/mavros_bridge_listener/build install --record /home/aeel/mavros_bridge_ws/build/mavros_bridge_listener/install.log --install-scripts $base/lib/mavros_bridge_listener --single-version-externally-managed install_data
